# JRE version: OpenJDK Runtime Environment (11.0.11+9) (build 11.0.11+9-b60-7590822)
# Java VM: OpenJDK 64-Bit Server VM (11.0.11+9-b60-7590822, mixed mode, tiered, compressed oops, g1 gc, windows-amd64)
Heap:
 garbage-first heap   total 322560K, used 238510K [0x0000000080000000, 0x0000000100000000)
  region size 1024K, 120 young (122880K), 7 survivors (7168K)
 Metaspace       used 137078K, capacity 141865K, committed 142192K, reserved 1173504K
  class space    used 16405K, capacity 18165K, committed 18252K, reserved 1048576K
GC Heap History (20 events):
Event: 8028.659 GC heap before
{Heap before GC invocations=198 (full 0):
 garbage-first heap   total 322560K, used 232401K [0x0000000080000000, 0x0000000100000000)
  region size 1024K, 53 young (54272K), 3 survivors (3072K)
 Metaspace       used 136791K, capacity 141539K, committed 141936K, reserved 1173504K
  class space    used 16395K, capacity 18148K, committed 18252K, reserved 1048576K
}
Event: 8028.670 GC heap after
{Heap after GC invocations=199 (full 0):
 garbage-first heap   total 322560K, used 190280K [0x0000000080000000, 0x0000000100000000)
  region size 1024K, 7 young (7168K), 7 survivors (7168K)
 Metaspace       used 136791K, capacity 141539K, committed 141936K, reserved 1173504K
  class space    used 16395K, capacity 18148K, committed 18252K, reserved 1048576K
}
Event: 8030.457 GC heap before
{Heap before GC invocations=200 (full 0):
 garbage-first heap   total 322560K, used 236360K [0x0000000080000000, 0x0000000100000000)
  region size 1024K, 54 young (55296K), 7 survivors (7168K)
 Metaspace       used 136798K, capacity 141540K, committed 141936K, reserved 1173504K
  class space    used 16395K, capacity 18148K, committed 18252K, reserved 1048576K
}
Event: 8030.467 GC heap after
{Heap after GC invocations=201 (full 0):
 garbage-first heap   total 322560K, used 187979K [0x0000000080000000, 0x0000000100000000)
  region size 1024K, 4 young (4096K), 4 survivors (4096K)
 Metaspace       used 136798K, capacity 141540K, committed 141936K, reserved 1173504K
  class space    used 16395K, capacity 18148K, committed 18252K, reserved 1048576K
}
Event: 8030.531 GC heap before
{Heap before GC invocations=201 (full 0):
 garbage-first heap   total 322560K, used 198219K [0x0000000080000000, 0x0000000100000000)
  region size 1024K, 15 young (15360K), 4 survivors (4096K)
 Metaspace       used 136804K, capacity 141540K, committed 141936K, reserved 1173504K
  class space    used 16395K, capacity 18148K, committed 18252K, reserved 1048576K
}
Event: 8030.548 GC heap after
{Heap after GC invocations=202 (full 0):
 garbage-first heap   total 322560K, used 176590K [0x0000000080000000, 0x0000000100000000)
  region size 1024K, 2 young (2048K), 2 survivors (2048K)
 Metaspace       used 136804K, capacity 141540K, committed 141936K, reserved 1173504K
  class space    used 16395K, capacity 18148K, committed 18252K, reserved 1048576K
}
Event: 8030.959 GC heap before
{Heap before GC invocations=202 (full 0):
 garbage-first heap   total 322560K, used 197070K [0x0000000080000000, 0x0000000100000000)
  region size 1024K, 24 young (24576K), 2 survivors (2048K)
 Metaspace       used 136808K, capacity 141540K, committed 141936K, reserved 1173504K
  class space    used 16395K, capacity 18148K, committed 18252K, reserved 1048576K
}
Event: 8030.974 GC heap after
{Heap after GC invocations=203 (full 0):
 garbage-first heap   total 322560K, used 177894K [0x0000000080000000, 0x0000000100000000)
  region size 1024K, 4 young (4096K), 4 survivors (4096K)
 Metaspace       used 136808K, capacity 141540K, committed 141936K, reserved 1173504K
  class space    used 16395K, capacity 18148K, committed 18252K, reserved 1048576K
}
Event: 8031.684 GC heap before
{Heap before GC invocations=204 (full 0):
 garbage-first heap   total 322560K, used 185624K [0x0000000080000000, 0x0000000100000000)
  region size 1024K, 64 young (65536K), 4 survivors (4096K)
 Metaspace       used 136831K, capacity 141541K, committed 141936K, reserved 1173504K
  class space    used 16395K, capacity 18148K, committed 18252K, reserved 1048576K
}
Event: 8031.693 GC heap after
{Heap after GC invocations=205 (full 0):
 garbage-first heap   total 322560K, used 125560K [0x0000000080000000, 0x0000000100000000)
  region size 1024K, 6 young (6144K), 6 survivors (6144K)
 Metaspace       used 136831K, capacity 141541K, committed 141936K, reserved 1173504K
  class space    used 16395K, capacity 18148K, committed 18252K, reserved 1048576K
}
Event: 8031.709 GC heap before
{Heap before GC invocations=205 (full 0):
 garbage-first heap   total 322560K, used 134776K [0x0000000080000000, 0x0000000100000000)
  region size 1024K, 15 young (15360K), 6 survivors (6144K)
 Metaspace       used 136833K, capacity 141541K, committed 141936K, reserved 1173504K
  class space    used 16395K, capacity 18148K, committed 18252K, reserved 1048576K
}
Event: 8031.724 GC heap after
{Heap after GC invocations=206 (full 0):
 garbage-first heap   total 322560K, used 107333K [0x0000000080000000, 0x0000000100000000)
  region size 1024K, 2 young (2048K), 2 survivors (2048K)
 Metaspace       used 136833K, capacity 141541K, committed 141936K, reserved 1173504K
  class space    used 16395K, capacity 18148K, committed 18252K, reserved 1048576K
}
Event: 8032.063 GC heap before
{Heap before GC invocations=206 (full 0):
 garbage-first heap   total 322560K, used 199493K [0x0000000080000000, 0x0000000100000000)
  region size 1024K, 94 young (96256K), 2 survivors (2048K)
 Metaspace       used 136868K, capacity 141606K, committed 141936K, reserved 1173504K
  class space    used 16395K, capacity 18148K, committed 18252K, reserved 1048576K
}
Event: 8032.074 GC heap after
{Heap after GC invocations=207 (full 0):
 garbage-first heap   total 322560K, used 110901K [0x0000000080000000, 0x0000000100000000)
  region size 1024K, 6 young (6144K), 6 survivors (6144K)
 Metaspace       used 136868K, capacity 141606K, committed 141936K, reserved 1173504K
  class space    used 16395K, capacity 18148K, committed 18252K, reserved 1048576K
}
Event: 8121.807 GC heap before
{Heap before GC invocations=208 (full 0):
 garbage-first heap   total 322560K, used 246069K [0x0000000080000000, 0x0000000100000000)
  region size 1024K, 111 young (113664K), 6 survivors (6144K)
 Metaspace       used 136895K, capacity 141672K, committed 141936K, reserved 1173504K
  class space    used 16395K, capacity 18148K, committed 18252K, reserved 1048576K
}
Event: 8121.825 GC heap after
{Heap after GC invocations=209 (full 0):
 garbage-first heap   total 322560K, used 112309K [0x0000000080000000, 0x0000000100000000)
  region size 1024K, 7 young (7168K), 7 survivors (7168K)
 Metaspace       used 136895K, capacity 141672K, committed 141936K, reserved 1173504K
  class space    used 16395K, capacity 18148K, committed 18252K, reserved 1048576K
}
Event: 8181.837 GC heap before
{Heap before GC invocations=209 (full 0):
 garbage-first heap   total 322560K, used 120501K [0x0000000080000000, 0x0000000100000000)
  region size 1024K, 15 young (15360K), 7 survivors (7168K)
 Metaspace       used 136906K, capacity 141745K, committed 141936K, reserved 1173504K
  class space    used 16395K, capacity 18148K, committed 18252K, reserved 1048576K
}
Event: 8181.847 GC heap after
{Heap after GC invocations=210 (full 0):
 garbage-first heap   total 322560K, used 106977K [0x0000000080000000, 0x0000000100000000)
  region size 1024K, 2 young (2048K), 2 survivors (2048K)
 Metaspace       used 136906K, capacity 141745K, committed 141936K, reserved 1173504K
  class space    used 16395K, capacity 18148K, committed 18252K, reserved 1048576K
}
Event: 8183.559 GC heap before
{Heap before GC invocations=210 (full 0):
 garbage-first heap   total 322560K, used 156129K [0x0000000080000000, 0x0000000100000000)
  region size 1024K, 51 young (52224K), 2 survivors (2048K)
 Metaspace       used 136933K, capacity 141756K, committed 141936K, reserved 1173504K
  class space    used 16396K, capacity 18148K, committed 18252K, reserved 1048576K
}
Event: 8183.589 GC heap after
{Heap after GC invocations=211 (full 0):
 garbage-first heap   total 322560K, used 112558K [0x0000000080000000, 0x0000000100000000)
  region size 1024K, 7 young (7168K), 7 survivors (7168K)
 Metaspace       used 136933K, capacity 141756K, committed 141936K, reserved 1173504K
  class space    used 16396K, capacity 18148K, committed 18252K, reserved 1048576K
}

